<?xml version="1.0" encoding="UTF-8"?>
<!-- Generated by org.testng.reporters.JUnitReportReporter -->
<testsuite skipped="0" hostname="DESKTOP-EO3H99M" name="com.testselenium.framework.demo" tests="1" failures="0" timestamp="21 May 2020 06:03:06 GMT" time="0.007" errors="0">
  <testcase name="demo" time="0.007" classname="com.testselenium.framework.demo"/>
</testsuite> <!-- com.testselenium.framework.demo -->
