<?xml version="1.0" encoding="UTF-8"?>
<!-- Generated by org.testng.reporters.JUnitReportReporter -->
<testsuite skipped="0" hostname="DESKTOP-EO3H99M" name="com.testselenium.framework.browserTest" tests="1" failures="0" timestamp="24 May 2020 07:27:03 GMT" time="42.625" errors="0">
  <testcase name="testBrowser" time="42.625" classname="com.testselenium.framework.browserTest"/>
</testsuite> <!-- com.testselenium.framework.browserTest -->
